<?xml version="1.0" encoding="UTF-8"?>
<testsuite name="com.team11.be.BeApplicationTests" tests="1" skipped="0" failures="0" errors="0" timestamp="2023-11-11T13:04:34" hostname="Kyunghunui-MacBookAir.local" time="0.279">
  <properties/>
  <testcase name="contextLoads()" classname="com.team11.be.BeApplicationTests" time="0.279"/>
  <system-out><![CDATA[22:04:32.179 [Test worker] INFO org.springframework.test.context.support.AnnotationConfigContextLoaderUtils -- Could not detect default configuration classes for test class [com.team11.be.BeApplicationTests]: BeApplicationTests does not declare any static, non-private, non-final, nested classes annotated with @Configuration.
22:04:32.301 [Test worker] INFO org.springframework.boot.test.context.SpringBootTestContextBootstrapper -- Found @SpringBootConfiguration com.team11.be.BeApplication for test class com.team11.be.BeApplicationTests

  .   ____          _            __ _ _
 /\\ / ___'_ __ _ _(_)_ __  __ _ \ \ \ \
( ( )\___ | '_ | '_| | '_ \/ _` | \ \ \ \
 \\/  ___)| |_)| | | | | || (_| |  ) ) ) )
  '  |____| .__|_| |_|_| |_\__, | / / / /
 =========|_|==============|___/=/_/_/_/
 :: Spring Boot ::                (v3.1.5)

2023-11-11T22:04:32.886+09:00  INFO 11044 --- [    Test worker] com.team11.be.BeApplicationTests         : Starting BeApplicationTests using Java 17.0.6 with PID 11044 (started by kyunghunkim in /Users/kyunghunkim/devcourse/be)
2023-11-11T22:04:32.888+09:00  INFO 11044 --- [    Test worker] com.team11.be.BeApplicationTests         : No active profile set, falling back to 1 default profile: "default"
2023-11-11T22:04:33.474+09:00  INFO 11044 --- [    Test worker] .s.d.r.c.RepositoryConfigurationDelegate : Bootstrapping Spring Data JPA repositories in DEFAULT mode.
2023-11-11T22:04:33.496+09:00  INFO 11044 --- [    Test worker] .s.d.r.c.RepositoryConfigurationDelegate : Finished Spring Data repository scanning in 19 ms. Found 2 JPA repository interfaces.
2023-11-11T22:04:33.671+09:00  INFO 11044 --- [    Test worker] com.zaxxer.hikari.HikariDataSource       : HikariPool-1 - Starting...
2023-11-11T22:04:33.762+09:00  INFO 11044 --- [    Test worker] com.zaxxer.hikari.pool.HikariPool        : HikariPool-1 - Added connection conn0: url=jdbc:h2:mem:9c07c86f-4a71-43ac-9f2c-8039f39135fd user=SA
2023-11-11T22:04:33.763+09:00  INFO 11044 --- [    Test worker] com.zaxxer.hikari.HikariDataSource       : HikariPool-1 - Start completed.
2023-11-11T22:04:33.788+09:00  INFO 11044 --- [    Test worker] o.hibernate.jpa.internal.util.LogHelper  : HHH000204: Processing PersistenceUnitInfo [name: default]
2023-11-11T22:04:33.812+09:00  INFO 11044 --- [    Test worker] org.hibernate.Version                    : HHH000412: Hibernate ORM core version 6.2.13.Final
2023-11-11T22:04:33.812+09:00  INFO 11044 --- [    Test worker] org.hibernate.cfg.Environment            : HHH000406: Using bytecode reflection optimizer
2023-11-11T22:04:33.914+09:00  INFO 11044 --- [    Test worker] o.s.o.j.p.SpringPersistenceUnitInfo      : No LoadTimeWeaver setup: ignoring JPA class transformer
2023-11-11T22:04:34.310+09:00  INFO 11044 --- [    Test worker] o.h.e.t.j.p.i.JtaPlatformInitiator       : HHH000489: No JTA platform available (set 'hibernate.transaction.jta.platform' to enable JTA platform integration)
2023-11-11T22:04:34.328+09:00  INFO 11044 --- [    Test worker] j.LocalContainerEntityManagerFactoryBean : Initialized JPA EntityManagerFactory for persistence unit 'default'
2023-11-11T22:04:34.558+09:00  WARN 11044 --- [    Test worker] JpaBaseConfiguration$JpaWebConfiguration : spring.jpa.open-in-view is enabled by default. Therefore, database queries may be performed during view rendering. Explicitly configure spring.jpa.open-in-view to disable this warning
2023-11-11T22:04:34.798+09:00  INFO 11044 --- [    Test worker] com.team11.be.BeApplicationTests         : Started BeApplicationTests in 2.34 seconds (process running for 3.237)
]]></system-out>
  <system-err><![CDATA[]]></system-err>
</testsuite>
